<?xml version="1.0" encoding="UTF-8"?>
<testsuite xmlns:xsi="http://www.w3.org/2001/XMLSchema-instance" xsi:noNamespaceSchemaLocation="https://maven.apache.org/surefire/maven-surefire-plugin/xsd/surefire-test-report-3.0.xsd" version="3.0" name="partialOccupancy.AppTest" time="11.956" tests="2" errors="0" skipped="0" failures="0">
  <properties>
[...]
</properties>
  <testcase name="testBuildUnion" classname="partialOccupancy.AppTest" time="0.277">
    <system-out><![CDATA[Generated SQL:
SELECT A_resname, A_resnum, A_resatom, A_atomnum,B_resname, B_resnum, B_resatom, B_atomnum FROM (SELECT A_resname, A_resnum, A_resatom, A_atomnum, B_resname, B_resnum, B_resatom, B_atomnum FROM map1 UNION ALL SELECT A_resname, A_resnum, A_resatom, A_atomnum, B_resname, B_resnum, B_resatom, B_atomnum FROM map2 UNION ALL SELECT A_resname, A_resnum, A_resatom, A_atomnum, B_resname, B_resnum, B_resatom, B_atomnum FROM map3 UNION ALL SELECT A_resname, A_resnum, A_resatom, A_atomnum, B_resname, B_resnum, B_resatom, B_atomnum FROM map4 UNION ALL SELECT A_resname, A_resnum, A_resatom, A_atomnum, B_resname, B_resnum, B_resatom, B_atomnum FROM map5 UNION ALL SELECT A_resname, A_resnum, A_resatom, A_atomnum, B_resname, B_resnum, B_resatom, B_atomnum FROM map6 UNION ALL SELECT A_resname, A_resnum, A_resatom, A_atomnum, B_resname, B_resnum, B_resatom, B_atomnum FROM map7 UNION ALL SELECT A_resname, A_resnum, A_resatom, A_atomnum, B_resname, B_resnum, B_resatom, B_atomnum FROM map8 UNION ALL SELECT A_resname, A_resnum, A_resatom, A_atomnum, B_resname, B_resnum, B_resatom, B_atomnum FROM map9 UNION ALL SELECT A_resname, A_resnum, A_resatom, A_atomnum, B_resname, B_resnum, B_resatom, B_atomnum FROM map10 UNION ALL SELECT A_resname, A_resnum, A_resatom, A_atomnum, B_resname, B_resnum, B_resatom, B_atomnum FROM map11 UNION ALL SELECT A_resname, A_resnum, A_resatom, A_atomnum, B_resname, B_resnum, B_resatom, B_atomnum FROM map12 UNION ALL SELECT A_resname, A_resnum, A_resatom, A_atomnum, B_resname, B_resnum, B_resatom, B_atomnum FROM map13 UNION ALL SELECT A_resname, A_resnum, A_resatom, A_atomnum, B_resname, B_resnum, B_resatom, B_atomnum FROM map14 UNION ALL SELECT A_resname, A_resnum, A_resatom, A_atomnum, B_resname, B_resnum, B_resatom, B_atomnum FROM map15 UNION ALL SELECT A_resname, A_resnum, A_resatom, A_atomnum, B_resname, B_resnum, B_resatom, B_atomnum FROM map16 UNION ALL SELECT A_resname, A_resnum, A_resatom, A_atomnum, B_resname, B_resnum, B_resatom, B_atomnum FROM map17 UNION ALL SELECT A_resname, A_resnum, A_resatom, A_atomnum, B_resname, B_resnum, B_resatom, B_atomnum FROM map18 UNION ALL SELECT A_resname, A_resnum, A_resatom, A_atomnum, B_resname, B_resnum, B_resatom, B_atomnum FROM map19 UNION ALL SELECT A_resname, A_resnum, A_resatom, A_atomnum, B_resname, B_resnum, B_resatom, B_atomnum FROM map20 UNION ALL SELECT A_resname, A_resnum, A_resatom, A_atomnum, B_resname, B_resnum, B_resatom, B_atomnum FROM map21 UNION ALL SELECT A_resname, A_resnum, A_resatom, A_atomnum, B_resname, B_resnum, B_resatom, B_atomnum FROM map22 UNION ALL SELECT A_resname, A_resnum, A_resatom, A_atomnum, B_resname, B_resnum, B_resatom, B_atomnum FROM map23 UNION ALL SELECT A_resname, A_resnum, A_resatom, A_atomnum, B_resname, B_resnum, B_resatom, B_atomnum FROM map24 UNION ALL SELECT A_resname, A_resnum, A_resatom, A_atomnum, B_resname, B_resnum, B_resatom, B_atomnum FROM map25 UNION ALL SELECT A_resname, A_resnum, A_resatom, A_atomnum, B_resname, B_resnum, B_resatom, B_atomnum FROM map26 UNION ALL SELECT A_resname, A_resnum, A_resatom, A_atomnum, B_resname, B_resnum, B_resatom, B_atomnum FROM map27 UNION ALL SELECT A_resname, A_resnum, A_resatom, A_atomnum, B_resname, B_resnum, B_resatom, B_atomnum FROM map28 UNION ALL SELECT A_resname, A_resnum, A_resatom, A_atomnum, B_resname, B_resnum, B_resatom, B_atomnum FROM map29 UNION ALL SELECT A_resname, A_resnum, A_resatom, A_atomnum, B_resname, B_resnum, B_resatom, B_atomnum FROM map30 UNION ALL SELECT A_resname, A_resnum, A_resatom, A_atomnum, B_resname, B_resnum, B_resatom, B_atomnum FROM map31 UNION ALL SELECT A_resname, A_resnum, A_resatom, A_atomnum, B_resname, B_resnum, B_resatom, B_atomnum FROM map32 UNION ALL SELECT A_resname, A_resnum, A_resatom, A_atomnum, B_resname, B_resnum, B_resatom, B_atomnum FROM map33 UNION ALL SELECT A_resname, A_resnum, A_resatom, A_atomnum, B_resname, B_resnum, B_resatom, B_atomnum FROM map34 UNION ALL SELECT A_resname, A_resnum, A_resatom, A_atomnum, B_resname, B_resnum, B_resatom, B_atomnum FROM map35 UNION ALL SELECT A_resname, A_resnum, A_resatom, A_atomnum, B_resname, B_resnum, B_resatom, B_atomnum FROM map36 UNION ALL SELECT A_resname, A_resnum, A_resatom, A_atomnum, B_resname, B_resnum, B_resatom, B_atomnum FROM map37 UNION ALL SELECT A_resname, A_resnum, A_resatom, A_atomnum, B_resname, B_resnum, B_resatom, B_atomnum FROM map38 UNION ALL SELECT A_resname, A_resnum, A_resatom, A_atomnum, B_resname, B_resnum, B_resatom, B_atomnum FROM map39 UNION ALL SELECT A_resname, A_resnum, A_resatom, A_atomnum, B_resname, B_resnum, B_resatom, B_atomnum FROM map40 UNION ALL SELECT A_resname, A_resnum, A_resatom, A_atomnum, B_resname, B_resnum, B_resatom, B_atomnum FROM map41 UNION ALL SELECT A_resname, A_resnum, A_resatom, A_atomnum, B_resname, B_resnum, B_resatom, B_atomnum FROM map42 UNION ALL SELECT A_resname, A_resnum, A_resatom, A_atomnum, B_resname, B_resnum, B_resatom, B_atomnum FROM map43 UNION ALL SELECT A_resname, A_resnum, A_resatom, A_atomnum, B_resname, B_resnum, B_resatom, B_atomnum FROM map44 UNION ALL SELECT A_resname, A_resnum, A_resatom, A_atomnum, B_resname, B_resnum, B_resatom, B_atomnum FROM map45 UNION ALL SELECT A_resname, A_resnum, A_resatom, A_atomnum, B_resname, B_resnum, B_resatom, B_atomnum FROM map46 UNION ALL SELECT A_resname, A_resnum, A_resatom, A_atomnum, B_resname, B_resnum, B_resatom, B_atomnum FROM map47 UNION ALL SELECT A_resname, A_resnum, A_resatom, A_atomnum, B_resname, B_resnum, B_resatom, B_atomnum FROM map48 UNION ALL SELECT A_resname, A_resnum, A_resatom, A_atomnum, B_resname, B_resnum, B_resatom, B_atomnum FROM map49 UNION ALL SELECT A_resname, A_resnum, A_resatom, A_atomnum, B_resname, B_resnum, B_resatom, B_atomnum FROM map50) AS window_union GROUP BY A_resname, A_resnum, A_resatom, A_atomnum, B_resname, B_resnum, B_resatom, B_atomnum HAVING COUNT(*) >= 25 AND COUNT(*) < 50;
]]></system-out>
  </testcase>
  <testcase name="testSubmitUnionWithMocks" classname="partialOccupancy.AppTest" time="11.416">
    <system-err><![CDATA[WARNING: A Java agent has been loaded dynamically (/data/data/com.termux/files/home/.m2/repository/net/bytebuddy/byte-buddy-agent/1.14.8/byte-buddy-agent-1.14.8.jar)
WARNING: If a serviceability tool is in use, please run with -XX:+EnableDynamicAgentLoading to hide this warning
WARNING: If a serviceability tool is not in use, please run with -Djdk.instrument.traceUsage for more information
WARNING: Dynamic loading of agents will be disallowed by default in a future release
]]></system-err>
  </testcase>
</testsuite>