<?xml version="1.0" encoding="UTF-8"?>
<testsuite xmlns:xsi="http://www.w3.org/2001/XMLSchema-instance" xsi:noNamespaceSchemaLocation="https://maven.apache.org/surefire/maven-surefire-plugin/xsd/surefire-test-report-3.0.xsd" version="3.0" name="windowing.UnitTest" time="13.634" tests="1" errors="0" skipped="0" failures="0">
  <properties>
[...]
</properties>
  <testcase name="testWindowingMain_WritesAllSQLToFile" classname="windowing.UnitTest" time="13.376">
    <system-out><![CDATA[✅ All SQL queries written to target/full_query.sql
Captured 181 total SQL statements
=== SQL Preview ===
USE 6vsb_b_vs_c;CREATE TABLE 20_master_windows_results1 AS SELECT map1.A_resname, map1.A_resnum, map1.A_resatom, map1.A_atomnum, map1.B_resname, map1.B_resnum, map1.B_resatom, map1.B_atomnum FROM map1 JOIN map2 ON map1.A_resname = map2.A_resname AND map1.A_resnum = map2.A_resnum AND map1.A_resatom = map2.A_resatom AND map1.A_atomnum = map2.A_atomnum AND map1.B_resname = map2.B_resname AND map1.B_resnum = map2.B_resnum AND map1.B_resatom = map2.B_resatom AND map1.B_atomnum = map2.B_atomnum  JOIN map3 ON map2.A_resname = map3.A_resname AND map2.A_resnum = map3.A_resnum AND map2.A_resatom = map3.A_resatom AND map2.A_atomnum = map3.A_atomnum AND map2.B_resname = map3.B_resname AND map2.B_resnum = map3.B_resnum AND map2.B_resatom = map3.B_resatom AND map2.B_atomnum = map3.B_atomnum  JOIN map4 ON map3.A_resname = map4.A_resname AND map3.A_resnum = map4.A_resnum AND map3.A_resatom = map4.A_resatom AND map3.A_atomnum = map4.A_atomnum AND map3.B_resname = map4.B_resname AND map3.B_resnum = map4...
[truncated]
]]></system-out>
    <system-err><![CDATA[WARNING: A Java agent has been loaded dynamically (/data/data/com.termux/files/home/.m2/repository/net/bytebuddy/byte-buddy-agent/1.14.12/byte-buddy-agent-1.14.12.jar)
WARNING: If a serviceability tool is in use, please run with -XX:+EnableDynamicAgentLoading to hide this warning
WARNING: If a serviceability tool is not in use, please run with -Djdk.instrument.traceUsage for more information
WARNING: Dynamic loading of agents will be disallowed by default in a future release
]]></system-err>
  </testcase>
</testsuite>