<?xml version="1.0" encoding="UTF-8"?>
<testsuite xmlns:xsi="http://www.w3.org/2001/XMLSchema-instance" xsi:noNamespaceSchemaLocation="https://maven.apache.org/surefire/maven-surefire-plugin/xsd/surefire-test-report-3.0.xsd" version="3.0" name="windowing.IterativeLoaderTest" time="12.08" tests="1" errors="0" skipped="0" failures="0">
  <properties>
[...]
</properties>
  <testcase name="testTableJoins_WritesFullSQLToFile" classname="windowing.IterativeLoaderTest" time="11.82">
    <system-out><![CDATA[✅ SQL written to: target/full_query.sql
=== Preview of captured SQL ===
USE testdb;CREATE TABLE main_results1 AS SELECT A_vs_B_glycans_hump_100pcnt_50W_1.A_resname, A_vs_B_glycans_hump_100pcnt_50W_1.A_resnum, A_vs_B_glycans_hump_100pcnt_50W_1.A_resatom, A_vs_B_glycans_hump_100pcnt_50W_1.A_atomnum, A_vs_B_glycans_hump_100pcnt_50W_1.B_resname, A_vs_B_glycans_hump_100pcnt_50W_1.B_resnum, A_vs_B_glycans_hump_100pcnt_50W_1.B_resatom, A_vs_B_glycans_hump_100pcnt_50W_1.B_atomnum FROM A_vs_B_glycans_hump_100pcnt_50W_1 JOIN A_vs_B_glycans_hump_100pcnt_50W_2 ON A_vs_B_glycans_hump_100pcnt_50W_1.A_resname = A_vs_B_glycans_hump_100pcnt_50W_2.A_resname AND A_vs_B_glycans_hump_100pcnt_50W_1.A_resnum = A_vs_B_glycans_hump_100pcnt_50W_2.A_resnum AND A_vs_B_glycans_hump_100pcnt_50W_1.A_resatom = A_vs_B_glycans_hump_100pcnt_50W_2.A_resatom AND A_vs_B_glycans_hump_100pcnt_50W_1.A_atomnum = A_vs_B_glycans_hump_100pcnt_50W_2.A_atomnum AND A_vs_B_glycans_hump_100pcnt_50W_1.B_resname = A_vs_B_glycans_hump_100pcnt_50W_2.B_resname AND A_vs_B_glycans_hump_100pcnt_50W_1.B_resnum = A...
]]></system-out>
    <system-err><![CDATA[WARNING: A Java agent has been loaded dynamically (/data/data/com.termux/files/home/.m2/repository/net/bytebuddy/byte-buddy-agent/1.14.12/byte-buddy-agent-1.14.12.jar)
WARNING: If a serviceability tool is in use, please run with -XX:+EnableDynamicAgentLoading to hide this warning
WARNING: If a serviceability tool is not in use, please run with -Djdk.instrument.traceUsage for more information
WARNING: Dynamic loading of agents will be disallowed by default in a future release
]]></system-err>
  </testcase>
</testsuite>